<?xml version="1.0" encoding="UTF-8"?>
<testng-results ignored="3" total="4" passed="1" failed="0" skipped="0">
  <reporter-output>
  </reporter-output>
  <suite started-at="2022-12-08T14:21:01 IST" name="Default suite" finished-at="2022-12-08T14:21:35 IST" duration-ms="34007">
    <groups>
    </groups>
    <test started-at="2022-12-08T14:21:01 IST" name="Default test" finished-at="2022-12-08T14:21:35 IST" duration-ms="34007">
      <class name="TestCases.LeadTest">
        <test-method is-config="true" signature="setUp()[pri:0, instance:TestCases.LeadTest@31d7b7bf]" started-at="2022-12-08T14:21:01 IST" name="setUp" finished-at="2022-12-08T14:21:09 IST" duration-ms="8051" status="PASS">
          <reporter-output>
          </reporter-output>
        </test-method> <!-- setUp -->
        <test-method is-config="true" signature="beforeMethod(java.lang.reflect.Method)[pri:0, instance:TestCases.LeadTest@31d7b7bf]" started-at="2022-12-08T14:21:09 IST" name="beforeMethod" finished-at="2022-12-08T14:21:09 IST" duration-ms="144" status="PASS">
          <params>
            <param index="0">
              <value>
                <![CDATA[public void TestCases.LeadTest.ValidatePageLoadTimeOfLeadPageWithTenEntries()]]>
              </value>
            </param>
          </params>
          <reporter-output>
          </reporter-output>
        </test-method> <!-- beforeMethod -->
        <test-method signature="ValidatePageLoadTimeOfLeadPageWithTenEntries()[pri:0, instance:TestCases.LeadTest@31d7b7bf]" started-at="2022-12-08T14:21:09 IST" name="ValidatePageLoadTimeOfLeadPageWithTenEntries" finished-at="2022-12-08T14:21:35 IST" duration-ms="25365" status="PASS">
          <reporter-output>
          </reporter-output>
        </test-method> <!-- ValidatePageLoadTimeOfLeadPageWithTenEntries -->
        <test-method is-config="true" signature="reportWrapUp(org.testng.ITestResult,java.lang.reflect.Method)[pri:0, instance:TestCases.LeadTest@31d7b7bf]" started-at="2022-12-08T14:21:35 IST" name="reportWrapUp" finished-at="2022-12-08T14:21:35 IST" duration-ms="4" status="PASS">
          <params>
            <param index="0">
              <value>
                <![CDATA[[TestResult name=ValidatePageLoadTimeOfLeadPageWithTenEntries status=SUCCESS method=LeadTest.ValidatePageLoadTimeOfLeadPageWithTenEntries()[pri:0, instance:TestCases.LeadTest@31d7b7bf] output={null}]]]>
              </value>
            </param>
            <param index="1">
              <value>
                <![CDATA[public void TestCases.LeadTest.ValidatePageLoadTimeOfLeadPageWithTenEntries()]]>
              </value>
            </param>
          </params>
          <reporter-output>
          </reporter-output>
        </test-method> <!-- reportWrapUp -->
        <test-method is-config="true" signature="closeBrowser()[pri:0, instance:TestCases.LeadTest@31d7b7bf]" started-at="2022-12-08T14:21:35 IST" name="closeBrowser" finished-at="2022-12-08T14:21:35 IST" duration-ms="389" status="PASS">
          <reporter-output>
          </reporter-output>
        </test-method> <!-- closeBrowser -->
        <test-method is-config="true" signature="close()[pri:0, instance:TestCases.LeadTest@31d7b7bf]" started-at="2022-12-08T14:21:35 IST" name="close" finished-at="2022-12-08T14:21:35 IST" duration-ms="457" status="PASS">
          <reporter-output>
          </reporter-output>
        </test-method> <!-- close -->
      </class> <!-- TestCases.LeadTest -->
    </test> <!-- Default test -->
  </suite> <!-- Default suite -->
</testng-results>
