<?xml version="1.0" encoding="UTF-8"?>
<!-- Generated by org.testng.reporters.JUnitXMLReporter -->
<testsuite ignored="3" hostname="COG-WIN-MAC03" failures="0" tests="1" name="Default test" time="44.329" errors="0" timestamp="2022-11-10T14:38:24 IST">
  <testcase classname="TestCases.LeadTest" name="ValidatePageLoadTimeOfLeadPageWithMultipleFilter" time="35.979"/>
  <testcase classname="TestCases.LeadTest" name="ValidatePageLoadTimeOfLeadPageWithTenEntries" time="0.0">
    <ignored/>
  </testcase> <!-- ValidatePageLoadTimeOfLeadPageWithTenEntries -->
  <testcase classname="TestCases.LeadTest" name="ValidatePageLoadTimeOfLeadPageWithFilter" time="0.0">
    <ignored/>
  </testcase> <!-- ValidatePageLoadTimeOfLeadPageWithFilter -->
  <testcase classname="TestCases.LeadTest" name="ValidatePageLoadTimeOfLeadPageWithHundredEntries" time="0.0">
    <ignored/>
  </testcase> <!-- ValidatePageLoadTimeOfLeadPageWithHundredEntries -->
</testsuite> <!-- Default test -->
