<?xml version="1.0" encoding="UTF-8"?>
<!-- Generated by org.testng.reporters.JUnitXMLReporter -->
<testsuite ignored="3" hostname="COG-WIN-MAC03" failures="0" tests="1" name="Default test" time="34.007" errors="0" timestamp="2022-12-08T14:21:35 IST">
  <testcase classname="TestCases.LeadTest" name="ValidatePageLoadTimeOfLeadPageWithTenEntries" time="25.365"/>
  <testcase classname="TestCases.LeadTest" name="ValidatePageLoadTimeOfLeadPageWithMultipleFilter" time="0.0">
    <ignored/>
  </testcase> <!-- ValidatePageLoadTimeOfLeadPageWithMultipleFilter -->
  <testcase classname="TestCases.LeadTest" name="ValidatePageLoadTimeOfLeadPageWithFilter" time="0.0">
    <ignored/>
  </testcase> <!-- ValidatePageLoadTimeOfLeadPageWithFilter -->
  <testcase classname="TestCases.LeadTest" name="ValidatePageLoadTimeOfLeadPageWithHundredEntries" time="0.0">
    <ignored/>
  </testcase> <!-- ValidatePageLoadTimeOfLeadPageWithHundredEntries -->
</testsuite> <!-- Default test -->
