<?xml version="1.0" encoding="UTF-8"?>
<!-- Generated by org.testng.reporters.JUnitXMLReporter -->
<testsuite ignored="0" hostname="COG-WIN-MAC03" failures="3" tests="4" name="Test" time="236.735" errors="0" timestamp="2022-11-21T09:54:22 IST">
  <testcase classname="TestCases.LeadTest" name="ValidatePageLoadTimeOfLeadPageWithTenEntries" time="26.125"/>
  <testcase classname="TestCases.LeadTest" name="ValidatePageLoadTimeOfLeadPageWithHundredEntries" time="73.415">
    <failure type="java.lang.AssertionError" message=" Home Page COMPANY SETUP -  element not present">
      <![CDATA[java.lang.AssertionError:  Home Page COMPANY SETUP -  element not present
at utils.WebBasePage.click(WebBasePage.java:126)
at PageObjects.LeadPage.clickFullMenuDropDown(LeadPage.java:37)
at Action.LeadAction.GoToCRMPage(LeadAction.java:23)
at TestCases.LeadTest.ValidatePageLoadTimeOfLeadPageWithHundredEntries(LeadTest.java:35)
at java.base/java.util.ArrayList.forEach(ArrayList.java:1511)
... Removed 28 stack frames]]>
    </failure>
  </testcase> <!-- ValidatePageLoadTimeOfLeadPageWithHundredEntries -->
  <testcase classname="TestCases.LeadTest" name="ValidatePageLoadTimeOfLeadPageWithFilter" time="59.393">
    <failure type="java.lang.AssertionError" message=" Home Page COMPANY SETUP -  element not present">
      <![CDATA[java.lang.AssertionError:  Home Page COMPANY SETUP -  element not present
at utils.WebBasePage.click(WebBasePage.java:126)
at PageObjects.LeadPage.clickFullMenuDropDown(LeadPage.java:37)
at Action.LeadAction.GoToCRMPage(LeadAction.java:23)
at TestCases.LeadTest.ValidatePageLoadTimeOfLeadPageWithFilter(LeadTest.java:48)
at java.base/java.util.ArrayList.forEach(ArrayList.java:1511)
... Removed 28 stack frames]]>
    </failure>
  </testcase> <!-- ValidatePageLoadTimeOfLeadPageWithFilter -->
  <testcase classname="TestCases.LeadTest" name="ValidatePageLoadTimeOfLeadPageWithMultipleFilter" time="58.746">
    <failure type="java.lang.AssertionError" message=" Home Page COMPANY SETUP -  element not present">
      <![CDATA[java.lang.AssertionError:  Home Page COMPANY SETUP -  element not present
at utils.WebBasePage.click(WebBasePage.java:126)
at PageObjects.LeadPage.clickFullMenuDropDown(LeadPage.java:37)
at Action.LeadAction.GoToCRMPage(LeadAction.java:23)
at TestCases.LeadTest.ValidatePageLoadTimeOfLeadPageWithMultipleFilter(LeadTest.java:61)
at java.base/java.util.ArrayList.forEach(ArrayList.java:1511)
... Removed 28 stack frames]]>
    </failure>
  </testcase> <!-- ValidatePageLoadTimeOfLeadPageWithMultipleFilter -->
</testsuite> <!-- Test -->
